<?xml version="1.0" encoding="UTF-8"?>
<testsuite xmlns:xsi="http://www.w3.org/2001/XMLSchema-instance" xsi:noNamespaceSchemaLocation="https://maven.apache.org/surefire/maven-surefire-plugin/xsd/surefire-test-report-3.0.xsd" version="3.0" name="org.abrahameg.movies.MoviesApplicationTests" time="5.464" tests="1" errors="0" skipped="0" failures="0">
  <properties>
[...]
</properties>
  <testcase name="contextLoads" classname="org.abrahameg.movies.MoviesApplicationTests" time="1.047">
    <system-out><![CDATA[10:05:34.943 [main] INFO org.springframework.test.context.support.AnnotationConfigContextLoaderUtils -- Could not detect default configuration classes for test class [org.abrahameg.movies.MoviesApplicationTests]: MoviesApplicationTests does not declare any static, non-private, non-final, nested classes annotated with @Configuration.
10:05:35.083 [main] INFO org.springframework.boot.test.context.SpringBootTestContextBootstrapper -- Found @SpringBootConfiguration org.abrahameg.movies.MoviesApplication for test class org.abrahameg.movies.MoviesApplicationTests

  .   ____          _            __ _ _
 /\\ / ___'_ __ _ _(_)_ __  __ _ \ \ \ \
( ( )\___ | '_ | '_| | '_ \/ _` | \ \ \ \
 \\/  ___)| |_)| | | | | || (_| |  ) ) ) )
  '  |____| .__|_| |_|_| |_\__, | / / / /
 =========|_|==============|___/=/_/_/_/
 :: Spring Boot ::                (v3.1.4)

2023-11-22T10:05:36.019-06:00  INFO 19520 --- [           main] o.a.movies.MoviesApplicationTests        : Starting MoviesApplicationTests using Java 17.0.7 with PID 19520 (started by espin in C:\Users\espin\OneDrive\Escritorio\movies)
2023-11-22T10:05:36.021-06:00  INFO 19520 --- [           main] o.a.movies.MoviesApplicationTests        : No active profile set, falling back to 1 default profile: "default"
2023-11-22T10:05:36.979-06:00  INFO 19520 --- [           main] .s.d.r.c.RepositoryConfigurationDelegate : Bootstrapping Spring Data MongoDB repositories in DEFAULT mode.
2023-11-22T10:05:37.066-06:00  INFO 19520 --- [           main] .s.d.r.c.RepositoryConfigurationDelegate : Finished Spring Data repository scanning in 78 ms. Found 2 MongoDB repository interfaces.
2023-11-22T10:05:37.735-06:00  INFO 19520 --- [           main] org.mongodb.driver.client                : MongoClient with metadata {"driver": {"name": "mongo-java-driver|sync|spring-boot", "version": "4.9.1"}, "os": {"type": "Windows", "name": "Windows 11", "architecture": "amd64", "version": "10.0"}, "platform": "Java/Oracle Corporation/17.0.7+8-LTS-224"} created with settings MongoClientSettings{readPreference=primary, writeConcern=WriteConcern{w=null, wTimeout=null ms, journal=null}, retryWrites=true, retryReads=true, readConcern=ReadConcern{level=null}, credential=MongoCredential{mechanism=null, userName='espinosaga', source='admin', password=<hidden>, mechanismProperties=<hidden>}, streamFactoryFactory=null, commandListeners=[], codecRegistry=ProvidersCodecRegistry{codecProviders=[ValueCodecProvider{}, BsonValueCodecProvider{}, DBRefCodecProvider{}, DBObjectCodecProvider{}, DocumentCodecProvider{}, CollectionCodecProvider{}, IterableCodecProvider{}, MapCodecProvider{}, GeoJsonCodecProvider{}, GridFSFileCodecProvider{}, Jsr310CodecProvider{}, JsonObjectCodecProvider{}, BsonCodecProvider{}, EnumCodecProvider{}, com.mongodb.client.model.mql.ExpressionCodecProvider@7e83992, com.mongodb.Jep395RecordCodecProvider@4364863]}, loggerSettings=LoggerSettings{maxDocumentLength=1000}, clusterSettings={hosts=[127.0.0.1:27017], srvHost=cluster0.kak4erw.mongodb.net, srvServiceName=mongodb, mode=MULTIPLE, requiredClusterType=REPLICA_SET, requiredReplicaSetName='atlas-uuzohg-shard-0', serverSelector='null', clusterListeners='[]', serverSelectionTimeout='30000 ms', localThreshold='30000 ms'}, socketSettings=SocketSettings{connectTimeoutMS=10000, readTimeoutMS=0, receiveBufferSize=0, sendBufferSize=0}, heartbeatSocketSettings=SocketSettings{connectTimeoutMS=10000, readTimeoutMS=10000, receiveBufferSize=0, sendBufferSize=0}, connectionPoolSettings=ConnectionPoolSettings{maxSize=100, minSize=0, maxWaitTimeMS=120000, maxConnectionLifeTimeMS=0, maxConnectionIdleTimeMS=0, maintenanceInitialDelayMS=0, maintenanceFrequencyMS=60000, connectionPoolListeners=[], maxConnecting=2}, serverSettings=ServerSettings{heartbeatFrequencyMS=10000, minHeartbeatFrequencyMS=500, serverListeners='[]', serverMonitorListeners='[]'}, sslSettings=SslSettings{enabled=true, invalidHostNameAllowed=false, context=null}, applicationName='null', compressorList=[], uuidRepresentation=JAVA_LEGACY, serverApi=null, autoEncryptionSettings=null, contextProvider=null}
2023-11-22T10:05:37.758-06:00  INFO 19520 --- [erw.mongodb.net] org.mongodb.driver.cluster               : Adding discovered server ac-fktcsvv-shard-00-02.kak4erw.mongodb.net:27017 to client view of cluster
2023-11-22T10:05:37.870-06:00  INFO 19520 --- [erw.mongodb.net] org.mongodb.driver.cluster               : Adding discovered server ac-fktcsvv-shard-00-00.kak4erw.mongodb.net:27017 to client view of cluster
2023-11-22T10:05:37.874-06:00  INFO 19520 --- [erw.mongodb.net] org.mongodb.driver.cluster               : Adding discovered server ac-fktcsvv-shard-00-01.kak4erw.mongodb.net:27017 to client view of cluster
2023-11-22T10:05:38.890-06:00  INFO 19520 --- [ngodb.net:27017] org.mongodb.driver.cluster               : Monitor thread successfully connected to server with description ServerDescription{address=ac-fktcsvv-shard-00-00.kak4erw.mongodb.net:27017, type=REPLICA_SET_SECONDARY, state=CONNECTED, ok=true, minWireVersion=0, maxWireVersion=17, maxDocumentSize=16777216, logicalSessionTimeoutMinutes=30, roundTripTimeNanos=487441600, setName='atlas-uuzohg-shard-0', canonicalAddress=ac-fktcsvv-shard-00-00.kak4erw.mongodb.net:27017, hosts=[ac-fktcsvv-shard-00-02.kak4erw.mongodb.net:27017, ac-fktcsvv-shard-00-00.kak4erw.mongodb.net:27017, ac-fktcsvv-shard-00-01.kak4erw.mongodb.net:27017], passives=[], arbiters=[], primary='ac-fktcsvv-shard-00-02.kak4erw.mongodb.net:27017', tagSet=TagSet{[Tag{name='availabilityZone', value='use1-az1'}, Tag{name='nodeType', value='ELECTABLE'}, Tag{name='provider', value='AWS'}, Tag{name='region', value='US_EAST_1'}, Tag{name='workloadType', value='OPERATIONAL'}]}, electionId=null, setVersion=8, topologyVersion=TopologyVersion{processId=655cab344feb11631eb22f33, counter=3}, lastWriteDate=Wed Nov 22 11:05:20 CST 2023, lastUpdateTimeNanos=92433938630600}
2023-11-22T10:05:38.890-06:00  INFO 19520 --- [ngodb.net:27017] org.mongodb.driver.cluster               : Monitor thread successfully connected to server with description ServerDescription{address=ac-fktcsvv-shard-00-02.kak4erw.mongodb.net:27017, type=REPLICA_SET_PRIMARY, state=CONNECTED, ok=true, minWireVersion=0, maxWireVersion=17, maxDocumentSize=16777216, logicalSessionTimeoutMinutes=30, roundTripTimeNanos=501395000, setName='atlas-uuzohg-shard-0', canonicalAddress=ac-fktcsvv-shard-00-02.kak4erw.mongodb.net:27017, hosts=[ac-fktcsvv-shard-00-02.kak4erw.mongodb.net:27017, ac-fktcsvv-shard-00-00.kak4erw.mongodb.net:27017, ac-fktcsvv-shard-00-01.kak4erw.mongodb.net:27017], passives=[], arbiters=[], primary='ac-fktcsvv-shard-00-02.kak4erw.mongodb.net:27017', tagSet=TagSet{[Tag{name='availabilityZone', value='use1-az5'}, Tag{name='nodeType', value='ELECTABLE'}, Tag{name='provider', value='AWS'}, Tag{name='region', value='US_EAST_1'}, Tag{name='workloadType', value='OPERATIONAL'}]}, electionId=7fffffff00000000000000bc, setVersion=8, topologyVersion=TopologyVersion{processId=653fcec18723d421d7525a9b, counter=7}, lastWriteDate=Wed Nov 22 11:05:20 CST 2023, lastUpdateTimeNanos=92433939054100}
2023-11-22T10:05:38.890-06:00  INFO 19520 --- [ngodb.net:27017] org.mongodb.driver.cluster               : Monitor thread successfully connected to server with description ServerDescription{address=ac-fktcsvv-shard-00-01.kak4erw.mongodb.net:27017, type=REPLICA_SET_SECONDARY, state=CONNECTED, ok=true, minWireVersion=0, maxWireVersion=17, maxDocumentSize=16777216, logicalSessionTimeoutMinutes=30, roundTripTimeNanos=496966100, setName='atlas-uuzohg-shard-0', canonicalAddress=ac-fktcsvv-shard-00-01.kak4erw.mongodb.net:27017, hosts=[ac-fktcsvv-shard-00-02.kak4erw.mongodb.net:27017, ac-fktcsvv-shard-00-00.kak4erw.mongodb.net:27017, ac-fktcsvv-shard-00-01.kak4erw.mongodb.net:27017], passives=[], arbiters=[], primary='ac-fktcsvv-shard-00-02.kak4erw.mongodb.net:27017', tagSet=TagSet{[Tag{name='availabilityZone', value='use1-az2'}, Tag{name='nodeType', value='ELECTABLE'}, Tag{name='provider', value='AWS'}, Tag{name='region', value='US_EAST_1'}, Tag{name='workloadType', value='OPERATIONAL'}]}, electionId=null, setVersion=8, topologyVersion=TopologyVersion{processId=653fcfd7053ec57bca5540c4, counter=4}, lastWriteDate=Wed Nov 22 11:05:20 CST 2023, lastUpdateTimeNanos=92433938976500}
2023-11-22T10:05:38.894-06:00  INFO 19520 --- [ngodb.net:27017] org.mongodb.driver.cluster               : Discovered replica set primary ac-fktcsvv-shard-00-02.kak4erw.mongodb.net:27017 with max election id 7fffffff00000000000000bc and max set version 8
2023-11-22T10:05:39.149-06:00  INFO 19520 --- [           main] o.a.movies.MoviesApplicationTests        : Started MoviesApplicationTests in 3.699 seconds (process running for 5.056)
]]></system-out>
  </testcase>
</testsuite>